android/app/build/intermediates/manifest_merge_blame_file/debug/manifest-merger-blame-debug-report.txt
1<?xml version="1.0" encoding="utf-8"?>
2<manifest xmlns:android="http://schemas.android.com/apk/res/android"
3    package="com.test3"
4    android:versionCode="1"
5    android:versionName="1.0" >
6
7    <uses-sdk
8        android:minSdkVersion="16"
9        android:targetSdkVersion="28" />
10
11    <uses-permission android:name="android.permission.SYSTEM_ALERT_WINDOW" />
11-->src\debug\AndroidManifest.xml:5:5-77
11-->src\debug\AndroidManifest.xml:5:22-75
12    <uses-permission android:name="android.permission.INTERNET" />
12-->src\main\AndroidManifest.xml:3:5-66
12-->src\main\AndroidManifest.xml:3:22-64
13    <uses-permission android:name="android.permission.ACCESS_WIFI_STATE" />
13-->[com.facebook.flipper:flipper:0.33.1] AndroidManifest.xml:16:5-76
13-->[com.facebook.flipper:flipper:0.33.1] AndroidManifest.xml:16:22-73
14
15    <application
15-->src\main\AndroidManifest.xml:5:5-25:19
16        android:name="com.test3.MainApplication"
16-->src\main\AndroidManifest.xml:6:13-44
17        android:allowBackup="false"
17-->src\main\AndroidManifest.xml:10:13-40
18        android:appComponentFactory="androidx.core.app.CoreComponentFactory"
18-->[androidx.core:core:1.1.0] AndroidManifest.xml:24:18-86
19        android:debuggable="true"
20        android:icon="@mipmap/ic_launcher"
20-->src\main\AndroidManifest.xml:8:13-47
21        android:label="@string/app_name"
21-->src\main\AndroidManifest.xml:7:13-45
22        android:roundIcon="@mipmap/ic_launcher_round"
22-->src\main\AndroidManifest.xml:9:13-58
23        android:theme="@style/AppTheme"
23-->src\main\AndroidManifest.xml:11:13-44
24        android:usesCleartextTraffic="true" >
24-->src\main\AndroidManifest.xml:12:13-48
25        <activity
25-->src\main\AndroidManifest.xml:13:5-23:20
26            android:name="com.test3.MainActivity"
26-->src\main\AndroidManifest.xml:14:17-45
27            android:configChanges="keyboard|keyboardHidden|orientation|screenSize|uiMode"
27-->src\main\AndroidManifest.xml:16:17-94
28            android:label="@string/app_name"
28-->src\main\AndroidManifest.xml:15:17-49
29            android:launchMode="singleTask"
29-->src\main\AndroidManifest.xml:17:17-48
30            android:windowSoftInputMode="adjustResize" >
30-->src\main\AndroidManifest.xml:18:17-59
31            <intent-filter>
31-->src\main\AndroidManifest.xml:19:13-22:29
32                <action android:name="android.intent.action.MAIN" />
32-->src\main\AndroidManifest.xml:20:17-68
32-->src\main\AndroidManifest.xml:20:25-66
33
34                <category android:name="android.intent.category.LAUNCHER" />
34-->src\main\AndroidManifest.xml:21:17-76
34-->src\main\AndroidManifest.xml:21:27-74
35            </intent-filter>
36        </activity>
37        <activity android:name="com.facebook.react.devsupport.DevSettingsActivity" />
37-->src\main\AndroidManifest.xml:24:9-85
37-->src\main\AndroidManifest.xml:24:19-83
38
39        <provider
39-->[:react-native-webview] AndroidManifest.xml:12:9-20:20
40            android:name="com.reactnativecommunity.webview.RNCWebViewFileProvider"
40-->[:react-native-webview] AndroidManifest.xml:13:13-83
41            android:authorities="com.test3.fileprovider"
41-->[:react-native-webview] AndroidManifest.xml:14:13-64
42            android:exported="false"
42-->[:react-native-webview] AndroidManifest.xml:15:13-37
43            android:grantUriPermissions="true" >
43-->[:react-native-webview] AndroidManifest.xml:16:13-47
44            <meta-data
44-->[:react-native-webview] AndroidManifest.xml:17:13-19:63
45                android:name="android.support.FILE_PROVIDER_PATHS"
45-->[:react-native-webview] AndroidManifest.xml:18:17-67
46                android:resource="@xml/file_provider_paths" />
46-->[:react-native-webview] AndroidManifest.xml:19:17-60
47        </provider>
48    </application>
49
50</manifest>